# JRE version: OpenJDK Runtime Environment (8.0_112-b06) (build 1.8.0_112-release-b06)
# Java VM: OpenJDK 64-Bit Server VM (25.112-b06 mixed mode windows-amd64 compressed oops)
Heap:
 PSYoungGen      total 155136K, used 138373K [0x00000000d5580000, 0x00000000e2600000, 0x0000000100000000)
  eden space 136192K, 87% used [0x00000000d5580000,0x00000000dca28df8,0x00000000dda80000)
  from space 18944K, 99% used [0x00000000dda80000,0x00000000decf88d0,0x00000000ded00000)
  to   space 24576K, 0% used [0x00000000e0e00000,0x00000000e0e00000,0x00000000e2600000)
 ParOldGen       total 107008K, used 42117K [0x0000000080000000, 0x0000000086880000, 0x00000000d5580000)
  object space 107008K, 39% used [0x0000000080000000,0x0000000082921650,0x0000000086880000)
 Metaspace       used 57332K, capacity 59224K, committed 59648K, reserved 1101824K
  class space    used 7475K, capacity 7826K, committed 7936K, reserved 1048576K
GC Heap History (10 events):
Event: 23.026 GC heap before
{Heap before GC invocations=12 (full 2):
 PSYoungGen      total 127488K, used 127456K [0x00000000d5580000, 0x00000000dfd80000, 0x0000000100000000)
  eden space 115200K, 100% used [0x00000000d5580000,0x00000000dc600000,0x00000000dc600000)
  from space 12288K, 99% used [0x00000000dc600000,0x00000000dd1f8018,0x00000000dd200000)
  to   space 16384K, 0% used [0x00000000ded80000,0x00000000ded80000,0x00000000dfd80000)
 ParOldGen       total 107008K, used 23483K [0x0000000080000000, 0x0000000086880000, 0x00000000d5580000)
  object space 107008K, 21% used [0x0000000080000000,0x00000000816eefc0,0x0000000086880000)
 Metaspace       used 53423K, capacity 55072K, committed 55424K, reserved 1097728K
  class space    used 7109K, capacity 7434K, committed 7552K, reserved 1048576K
Event: 23.047 GC heap after
Heap after GC invocations=12 (full 2):
 PSYoungGen      total 152576K, used 16364K [0x00000000d5580000, 0x00000000dff80000, 0x0000000100000000)
  eden space 136192K, 0% used [0x00000000d5580000,0x00000000d5580000,0x00000000dda80000)
  from space 16384K, 99% used [0x00000000ded80000,0x00000000dfd7b1a0,0x00000000dfd80000)
  to   space 18944K, 0% used [0x00000000dda80000,0x00000000dda80000,0x00000000ded00000)
 ParOldGen       total 107008K, used 25192K [0x0000000080000000, 0x0000000086880000, 0x00000000d5580000)
  object space 107008K, 23% used [0x0000000080000000,0x000000008189a118,0x0000000086880000)
 Metaspace       used 53423K, capacity 55072K, committed 55424K, reserved 1097728K
  class space    used 7109K, capacity 7434K, committed 7552K, reserved 1048576K
}
Event: 25.434 GC heap before
{Heap before GC invocations=13 (full 2):
 PSYoungGen      total 152576K, used 152556K [0x00000000d5580000, 0x00000000dff80000, 0x0000000100000000)
  eden space 136192K, 100% used [0x00000000d5580000,0x00000000dda80000,0x00000000dda80000)
  from space 16384K, 99% used [0x00000000ded80000,0x00000000dfd7b1a0,0x00000000dfd80000)
  to   space 18944K, 0% used [0x00000000dda80000,0x00000000dda80000,0x00000000ded00000)
 ParOldGen       total 107008K, used 25192K [0x0000000080000000, 0x0000000086880000, 0x00000000d5580000)
  object space 107008K, 23% used [0x0000000080000000,0x000000008189a118,0x0000000086880000)
 Metaspace       used 56955K, capacity 58854K, committed 59136K, reserved 1099776K
  class space    used 7471K, capacity 7829K, committed 7936K, reserved 1048576K
Event: 25.467 GC heap after
Heap after GC invocations=13 (full 2):
 PSYoungGen      total 155136K, used 18928K [0x00000000d5580000, 0x00000000e2600000, 0x0000000100000000)
  eden space 136192K, 0% used [0x00000000d5580000,0x00000000d5580000,0x00000000dda80000)
  from space 18944K, 99% used [0x00000000dda80000,0x00000000decfc048,0x00000000ded00000)
  to   space 24576K, 0% used [0x00000000e0e00000,0x00000000e0e00000,0x00000000e2600000)
 ParOldGen       total 107008K, used 33970K [0x0000000080000000, 0x0000000086880000, 0x00000000d5580000)
  object space 107008K, 31% used [0x0000000080000000,0x000000008212c938,0x0000000086880000)
 Metaspace       used 56955K, capacity 58854K, committed 59136K, reserved 1099776K
  class space    used 7471K, capacity 7829K, committed 7936K, reserved 1048576K
}
Event: 25.519 GC heap before
{Heap before GC invocations=14 (full 2):
 PSYoungGen      total 155136K, used 27465K [0x00000000d5580000, 0x00000000e2600000, 0x0000000100000000)
  eden space 136192K, 6% used [0x00000000d5580000,0x00000000d5dd6468,0x00000000dda80000)
  from space 18944K, 99% used [0x00000000dda80000,0x00000000decfc048,0x00000000ded00000)
  to   space 24576K, 0% used [0x00000000e0e00000,0x00000000e0e00000,0x00000000e2600000)
 ParOldGen       total 107008K, used 33970K [0x0000000080000000, 0x0000000086880000, 0x00000000d5580000)
  object space 107008K, 31% used [0x0000000080000000,0x000000008212c938,0x0000000086880000)
 Metaspace       used 57037K, capacity 58918K, committed 59136K, reserved 1099776K
  class space    used 7472K, capacity 7829K, committed 7936K, reserved 1048576K
Event: 25.563 GC heap after
Heap after GC invocations=14 (full 2):
 PSYoungGen      total 160768K, used 15520K [0x00000000d5580000, 0x00000000e2600000, 0x0000000100000000)
  eden space 136192K, 0% used [0x00000000d5580000,0x00000000d5580000,0x00000000dda80000)
  from space 24576K, 63% used [0x00000000e0e00000,0x00000000e1d28030,0x00000000e2600000)
  to   space 18944K, 0% used [0x00000000dda80000,0x00000000dda80000,0x00000000ded00000)
 ParOldGen       total 107008K, used 37890K [0x0000000080000000, 0x0000000086880000, 0x00000000d5580000)
  object space 107008K, 35% used [0x0000000080000000,0x0000000082500940,0x0000000086880000)
 Metaspace       used 57037K, capacity 58918K, committed 59136K, reserved 1099776K
  class space    used 7472K, capacity 7829K, committed 7936K, reserved 1048576K
}
Event: 25.563 GC heap before
{Heap before GC invocations=15 (full 3):
 PSYoungGen      total 160768K, used 15520K [0x00000000d5580000, 0x00000000e2600000, 0x0000000100000000)
  eden space 136192K, 0% used [0x00000000d5580000,0x00000000d5580000,0x00000000dda80000)
  from space 24576K, 63% used [0x00000000e0e00000,0x00000000e1d28030,0x00000000e2600000)
  to   space 18944K, 0% used [0x00000000dda80000,0x00000000dda80000,0x00000000ded00000)
 ParOldGen       total 107008K, used 37890K [0x0000000080000000, 0x0000000086880000, 0x00000000d5580000)
  object space 107008K, 35% used [0x0000000080000000,0x0000000082500940,0x0000000086880000)
 Metaspace       used 57037K, capacity 58918K, committed 59136K, reserved 1099776K
  class space    used 7472K, capacity 7829K, committed 7936K, reserved 1048576K
Event: 25.833 GC heap after
Heap after GC invocations=15 (full 3):
 PSYoungGen      total 160768K, used 0K [0x00000000d5580000, 0x00000000e2600000, 0x0000000100000000)
  eden space 136192K, 0% used [0x00000000d5580000,0x00000000d5580000,0x00000000dda80000)
  from space 24576K, 0% used [0x00000000e0e00000,0x00000000e0e00000,0x00000000e2600000)
  to   space 18944K, 0% used [0x00000000dda80000,0x00000000dda80000,0x00000000ded00000)
 ParOldGen       total 107008K, used 37073K [0x0000000080000000, 0x0000000086880000, 0x00000000d5580000)
  object space 107008K, 34% used [0x0000000080000000,0x00000000824345b8,0x0000000086880000)
 Metaspace       used 57032K, capacity 58904K, committed 59136K, reserved 1099776K
  class space    used 7471K, capacity 7826K, committed 7936K, reserved 1048576K
}
Event: 26.546 GC heap before
{Heap before GC invocations=16 (full 3):
 PSYoungGen      total 160768K, used 136192K [0x00000000d5580000, 0x00000000e2600000, 0x0000000100000000)
  eden space 136192K, 100% used [0x00000000d5580000,0x00000000dda80000,0x00000000dda80000)
  from space 24576K, 0% used [0x00000000e0e00000,0x00000000e0e00000,0x00000000e2600000)
  to   space 18944K, 0% used [0x00000000dda80000,0x00000000dda80000,0x00000000ded00000)
 ParOldGen       total 107008K, used 37073K [0x0000000080000000, 0x0000000086880000, 0x00000000d5580000)
  object space 107008K, 34% used [0x0000000080000000,0x00000000824345b8,0x0000000086880000)
 Metaspace       used 57253K, capacity 59160K, committed 59392K, reserved 1101824K
  class space    used 7475K, capacity 7826K, committed 7936K, reserved 1048576K
Event: 26.580 GC heap after
Heap after GC invocations=16 (full 3):
 PSYoungGen      total 155136K, used 18914K [0x00000000d5580000, 0x00000000e2600000, 0x0000000100000000)
  eden space 136192K, 0% used [0x00000000d5580000,0x00000000d5580000,0x00000000dda80000)
  from space 18944K, 99% used [0x00000000dda80000,0x00000000decf88d0,0x00000000ded00000)
  to   space 24576K, 0% used [0x00000000e0e00000,0x00000000e0e00000,0x00000000e2600000)
 ParOldGen       total 107008K, used 42117K [0x0000000080000000, 0x0000000086880000, 0x00000000d5580000)
  object space 107008K, 39% used [0x0000000080000000,0x0000000082921650,0x0000000086880000)
 Metaspace       used 57253K, capacity 59160K, committed 59392K, reserved 1101824K
  class space    used 7475K, capacity 7826K, committed 7936K, reserved 1048576K
}

