# JRE version: OpenJDK Runtime Environment (8.0_112-b06) (build 1.8.0_112-release-b06)
# Java VM: OpenJDK 64-Bit Server VM (25.112-b06 mixed mode windows-amd64 compressed oops)
Heap:
 PSYoungGen      total 107520K, used 92624K [0x00000000d5580000, 0x00000000df480000, 0x0000000100000000)
  eden space 96768K, 95% used [0x00000000d5580000,0x00000000daff42a0,0x00000000db400000)
  from space 10752K, 0% used [0x00000000db400000,0x00000000db400000,0x00000000dbe80000)
  to   space 11776K, 0% used [0x00000000de900000,0x00000000de900000,0x00000000df480000)
 ParOldGen       total 65536K, used 16754K [0x0000000080000000, 0x0000000084000000, 0x00000000d5580000)
  object space 65536K, 25% used [0x0000000080000000,0x000000008105ca38,0x0000000084000000)
 Metaspace       used 42582K, capacity 43414K, committed 43608K, reserved 1087488K
  class space    used 5746K, capacity 5966K, committed 5976K, reserved 1048576K
GC Heap History (10 events):
Event: 3.008 GC heap before
{Heap before GC invocations=5 (full 1):
 PSYoungGen      total 71680K, used 5120K [0x00000000d5580000, 0x00000000da080000, 0x0000000100000000)
  eden space 66560K, 0% used [0x00000000d5580000,0x00000000d5580000,0x00000000d9680000)
  from space 5120K, 100% used [0x00000000d9b80000,0x00000000da080000,0x00000000da080000)
  to   space 5120K, 0% used [0x00000000d9680000,0x00000000d9680000,0x00000000d9b80000)
 ParOldGen       total 87552K, used 8199K [0x0000000080000000, 0x0000000085580000, 0x00000000d5580000)
  object space 87552K, 9% used [0x0000000080000000,0x0000000080801c40,0x0000000085580000)
 Metaspace       used 20735K, capacity 21114K, committed 21248K, reserved 1067008K
  class space    used 2794K, capacity 2948K, committed 3072K, reserved 1048576K
Event: 3.050 GC heap after
Heap after GC invocations=5 (full 1):
 PSYoungGen      total 71680K, used 0K [0x00000000d5580000, 0x00000000da080000, 0x0000000100000000)
  eden space 66560K, 0% used [0x00000000d5580000,0x00000000d5580000,0x00000000d9680000)
  from space 5120K, 0% used [0x00000000d9b80000,0x00000000d9b80000,0x00000000da080000)
  to   space 5120K, 0% used [0x00000000d9680000,0x00000000d9680000,0x00000000d9b80000)
 ParOldGen       total 65536K, used 9310K [0x0000000080000000, 0x0000000084000000, 0x00000000d5580000)
  object space 65536K, 14% used [0x0000000080000000,0x0000000080917868,0x0000000084000000)
 Metaspace       used 20735K, capacity 21114K, committed 21248K, reserved 1067008K
  class space    used 2794K, capacity 2948K, committed 3072K, reserved 1048576K
}
Event: 4.317 GC heap before
{Heap before GC invocations=6 (full 1):
 PSYoungGen      total 71680K, used 66560K [0x00000000d5580000, 0x00000000da080000, 0x0000000100000000)
  eden space 66560K, 100% used [0x00000000d5580000,0x00000000d9680000,0x00000000d9680000)
  from space 5120K, 0% used [0x00000000d9b80000,0x00000000d9b80000,0x00000000da080000)
  to   space 5120K, 0% used [0x00000000d9680000,0x00000000d9680000,0x00000000d9b80000)
 ParOldGen       total 65536K, used 9310K [0x0000000080000000, 0x0000000084000000, 0x00000000d5580000)
  object space 65536K, 14% used [0x0000000080000000,0x0000000080917868,0x0000000084000000)
 Metaspace       used 26505K, capacity 26986K, committed 27136K, reserved 1073152K
  class space    used 3656K, capacity 3784K, committed 3840K, reserved 1048576K
Event: 4.327 GC heap after
Heap after GC invocations=6 (full 1):
 PSYoungGen      total 71680K, used 5100K [0x00000000d5580000, 0x00000000dca00000, 0x0000000100000000)
  eden space 66560K, 0% used [0x00000000d5580000,0x00000000d5580000,0x00000000d9680000)
  from space 5120K, 99% used [0x00000000d9680000,0x00000000d9b7b3c8,0x00000000d9b80000)
  to   space 11264K, 0% used [0x00000000dbf00000,0x00000000dbf00000,0x00000000dca00000)
 ParOldGen       total 65536K, used 12390K [0x0000000080000000, 0x0000000084000000, 0x00000000d5580000)
  object space 65536K, 18% used [0x0000000080000000,0x0000000080c19ab8,0x0000000084000000)
 Metaspace       used 26505K, capacity 26986K, committed 27136K, reserved 1073152K
  class space    used 3656K, capacity 3784K, committed 3840K, reserved 1048576K
}
Event: 5.189 GC heap before
{Heap before GC invocations=7 (full 1):
 PSYoungGen      total 71680K, used 71660K [0x00000000d5580000, 0x00000000dca00000, 0x0000000100000000)
  eden space 66560K, 100% used [0x00000000d5580000,0x00000000d9680000,0x00000000d9680000)
  from space 5120K, 99% used [0x00000000d9680000,0x00000000d9b7b3c8,0x00000000d9b80000)
  to   space 11264K, 0% used [0x00000000dbf00000,0x00000000dbf00000,0x00000000dca00000)
 ParOldGen       total 65536K, used 12390K [0x0000000080000000, 0x0000000084000000, 0x00000000d5580000)
  object space 65536K, 18% used [0x0000000080000000,0x0000000080c19ab8,0x0000000084000000)
 Metaspace       used 29843K, capacity 30428K, committed 30720K, reserved 1075200K
  class space    used 4067K, capacity 4246K, committed 4352K, reserved 1048576K
Event: 5.199 GC heap after
Heap after GC invocations=7 (full 1):
 PSYoungGen      total 107008K, used 7121K [0x00000000d5580000, 0x00000000dc900000, 0x0000000100000000)
  eden space 96768K, 0% used [0x00000000d5580000,0x00000000d5580000,0x00000000db400000)
  from space 10240K, 69% used [0x00000000dbf00000,0x00000000dc5f4698,0x00000000dc900000)
  to   space 10752K, 0% used [0x00000000db400000,0x00000000db400000,0x00000000dbe80000)
 ParOldGen       total 65536K, used 12398K [0x0000000080000000, 0x0000000084000000, 0x00000000d5580000)
  object space 65536K, 18% used [0x0000000080000000,0x0000000080c1bab8,0x0000000084000000)
 Metaspace       used 29843K, capacity 30428K, committed 30720K, reserved 1075200K
  class space    used 4067K, capacity 4246K, committed 4352K, reserved 1048576K
}
Event: 6.190 GC heap before
{Heap before GC invocations=8 (full 1):
 PSYoungGen      total 107008K, used 49114K [0x00000000d5580000, 0x00000000dc900000, 0x0000000100000000)
  eden space 96768K, 43% used [0x00000000d5580000,0x00000000d7e824f8,0x00000000db400000)
  from space 10240K, 69% used [0x00000000dbf00000,0x00000000dc5f4698,0x00000000dc900000)
  to   space 10752K, 0% used [0x00000000db400000,0x00000000db400000,0x00000000dbe80000)
 ParOldGen       total 65536K, used 12398K [0x0000000080000000, 0x0000000084000000, 0x00000000d5580000)
  object space 65536K, 18% used [0x0000000080000000,0x0000000080c1bab8,0x0000000084000000)
 Metaspace       used 34565K, capacity 35250K, committed 35416K, reserved 1079296K
  class space    used 4652K, capacity 4879K, committed 4952K, reserved 1048576K
Event: 6.199 GC heap after
Heap after GC invocations=8 (full 1):
 PSYoungGen      total 107520K, used 10438K [0x00000000d5580000, 0x00000000df480000, 0x0000000100000000)
  eden space 96768K, 0% used [0x00000000d5580000,0x00000000d5580000,0x00000000db400000)
  from space 10752K, 97% used [0x00000000db400000,0x00000000dbe31918,0x00000000dbe80000)
  to   space 11776K, 0% used [0x00000000de900000,0x00000000de900000,0x00000000df480000)
 ParOldGen       total 65536K, used 12470K [0x0000000080000000, 0x0000000084000000, 0x00000000d5580000)
  object space 65536K, 19% used [0x0000000080000000,0x0000000080c2dac8,0x0000000084000000)
 Metaspace       used 34565K, capacity 35250K, committed 35416K, reserved 1079296K
  class space    used 4652K, capacity 4879K, committed 4952K, reserved 1048576K
}
Event: 6.199 GC heap before
{Heap before GC invocations=9 (full 2):
 PSYoungGen      total 107520K, used 10438K [0x00000000d5580000, 0x00000000df480000, 0x0000000100000000)
  eden space 96768K, 0% used [0x00000000d5580000,0x00000000d5580000,0x00000000db400000)
  from space 10752K, 97% used [0x00000000db400000,0x00000000dbe31918,0x00000000dbe80000)
  to   space 11776K, 0% used [0x00000000de900000,0x00000000de900000,0x00000000df480000)
 ParOldGen       total 65536K, used 12470K [0x0000000080000000, 0x0000000084000000, 0x00000000d5580000)
  object space 65536K, 19% used [0x0000000080000000,0x0000000080c2dac8,0x0000000084000000)
 Metaspace       used 34565K, capacity 35250K, committed 35416K, reserved 1079296K
  class space    used 4652K, capacity 4879K, committed 4952K, reserved 1048576K
Event: 6.274 GC heap after
Heap after GC invocations=9 (full 2):
 PSYoungGen      total 107520K, used 0K [0x00000000d5580000, 0x00000000df480000, 0x0000000100000000)
  eden space 96768K, 0% used [0x00000000d5580000,0x00000000d5580000,0x00000000db400000)
  from space 10752K, 0% used [0x00000000db400000,0x00000000db400000,0x00000000dbe80000)
  to   space 11776K, 0% used [0x00000000de900000,0x00000000de900000,0x00000000df480000)
 ParOldGen       total 65536K, used 16754K [0x0000000080000000, 0x0000000084000000, 0x00000000d5580000)
  object space 65536K, 25% used [0x0000000080000000,0x000000008105ca38,0x0000000084000000)
 Metaspace       used 34565K, capacity 35250K, committed 35416K, reserved 1079296K
  class space    used 4652K, capacity 4879K, committed 4952K, reserved 1048576K
}

