# JRE version: OpenJDK Runtime Environment (8.0_112-b06) (build 1.8.0_112-release-b06)
# Java VM: OpenJDK 64-Bit Server VM (25.112-b06 mixed mode windows-amd64 compressed oops)
Heap:
 PSYoungGen      total 71680K, used 7747K [0x00000000d5580000, 0x00000000da080000, 0x0000000100000000)
  eden space 66560K, 3% used [0x00000000d5580000,0x00000000d5818c60,0x00000000d9680000)
  from space 5120K, 99% used [0x00000000d9b80000,0x00000000da078210,0x00000000da080000)
  to   space 5120K, 0% used [0x00000000d9680000,0x00000000d9680000,0x00000000d9b80000)
 ParOldGen       total 60416K, used 31681K [0x0000000080000000, 0x0000000083b00000, 0x00000000d5580000)
  object space 60416K, 52% used [0x0000000080000000,0x0000000081ef05a8,0x0000000083b00000)
 Metaspace       used 47053K, capacity 48558K, committed 48856K, reserved 1091584K
  class space    used 6398K, capacity 6750K, committed 6872K, reserved 1048576K
GC Heap History (10 events):
Event: 7.120 GC heap before
{Heap before GC invocations=8 (full 1):
 PSYoungGen      total 71680K, used 51625K [0x00000000d5580000, 0x00000000da080000, 0x0000000100000000)
  eden space 66560K, 69% used [0x00000000d5580000,0x00000000d82ee448,0x00000000d9680000)
  from space 5120K, 99% used [0x00000000d9b80000,0x00000000da07c030,0x00000000da080000)
  to   space 5120K, 0% used [0x00000000d9680000,0x00000000d9680000,0x00000000d9b80000)
 ParOldGen       total 60416K, used 14422K [0x0000000080000000, 0x0000000083b00000, 0x00000000d5580000)
  object space 60416K, 23% used [0x0000000080000000,0x0000000080e15a08,0x0000000083b00000)
 Metaspace       used 34625K, capacity 35256K, committed 35416K, reserved 1079296K
  class space    used 4657K, capacity 4880K, committed 4952K, reserved 1048576K
Event: 7.133 GC heap after
Heap after GC invocations=8 (full 1):
 PSYoungGen      total 71680K, used 5088K [0x00000000d5580000, 0x00000000da080000, 0x0000000100000000)
  eden space 66560K, 0% used [0x00000000d5580000,0x00000000d5580000,0x00000000d9680000)
  from space 5120K, 99% used [0x00000000d9680000,0x00000000d9b78010,0x00000000d9b80000)
  to   space 5120K, 0% used [0x00000000d9b80000,0x00000000d9b80000,0x00000000da080000)
 ParOldGen       total 60416K, used 19470K [0x0000000080000000, 0x0000000083b00000, 0x00000000d5580000)
  object space 60416K, 32% used [0x0000000080000000,0x00000000813039b8,0x0000000083b00000)
 Metaspace       used 34625K, capacity 35256K, committed 35416K, reserved 1079296K
  class space    used 4657K, capacity 4880K, committed 4952K, reserved 1048576K
}
Event: 7.133 GC heap before
{Heap before GC invocations=9 (full 2):
 PSYoungGen      total 71680K, used 5088K [0x00000000d5580000, 0x00000000da080000, 0x0000000100000000)
  eden space 66560K, 0% used [0x00000000d5580000,0x00000000d5580000,0x00000000d9680000)
  from space 5120K, 99% used [0x00000000d9680000,0x00000000d9b78010,0x00000000d9b80000)
  to   space 5120K, 0% used [0x00000000d9b80000,0x00000000d9b80000,0x00000000da080000)
 ParOldGen       total 60416K, used 19470K [0x0000000080000000, 0x0000000083b00000, 0x00000000d5580000)
  object space 60416K, 32% used [0x0000000080000000,0x00000000813039b8,0x0000000083b00000)
 Metaspace       used 34625K, capacity 35256K, committed 35416K, reserved 1079296K
  class space    used 4657K, capacity 4880K, committed 4952K, reserved 1048576K
Event: 7.204 GC heap after
Heap after GC invocations=9 (full 2):
 PSYoungGen      total 71680K, used 0K [0x00000000d5580000, 0x00000000da080000, 0x0000000100000000)
  eden space 66560K, 0% used [0x00000000d5580000,0x00000000d5580000,0x00000000d9680000)
  from space 5120K, 0% used [0x00000000d9680000,0x00000000d9680000,0x00000000d9b80000)
  to   space 5120K, 0% used [0x00000000d9b80000,0x00000000d9b80000,0x00000000da080000)
 ParOldGen       total 60416K, used 17003K [0x0000000080000000, 0x0000000083b00000, 0x00000000d5580000)
  object space 60416K, 28% used [0x0000000080000000,0x000000008109aff0,0x0000000083b00000)
 Metaspace       used 34625K, capacity 35256K, committed 35416K, reserved 1079296K
  class space    used 4657K, capacity 4880K, committed 4952K, reserved 1048576K
}
Event: 8.302 GC heap before
{Heap before GC invocations=10 (full 2):
 PSYoungGen      total 71680K, used 66560K [0x00000000d5580000, 0x00000000da080000, 0x0000000100000000)
  eden space 66560K, 100% used [0x00000000d5580000,0x00000000d9680000,0x00000000d9680000)
  from space 5120K, 0% used [0x00000000d9680000,0x00000000d9680000,0x00000000d9b80000)
  to   space 5120K, 0% used [0x00000000d9b80000,0x00000000d9b80000,0x00000000da080000)
 ParOldGen       total 60416K, used 17003K [0x0000000080000000, 0x0000000083b00000, 0x00000000d5580000)
  object space 60416K, 28% used [0x0000000080000000,0x000000008109aff0,0x0000000083b00000)
 Metaspace       used 37860K, capacity 38628K, committed 38872K, reserved 1083392K
  class space    used 5077K, capacity 5265K, committed 5336K, reserved 1048576K
Event: 8.309 GC heap after
Heap after GC invocations=10 (full 2):
 PSYoungGen      total 71680K, used 5090K [0x00000000d5580000, 0x00000000da080000, 0x0000000100000000)
  eden space 66560K, 0% used [0x00000000d5580000,0x00000000d5580000,0x00000000d9680000)
  from space 5120K, 99% used [0x00000000d9b80000,0x00000000da078a88,0x00000000da080000)
  to   space 5120K, 0% used [0x00000000d9680000,0x00000000d9680000,0x00000000d9b80000)
 ParOldGen       total 60416K, used 19391K [0x0000000080000000, 0x0000000083b00000, 0x00000000d5580000)
  object space 60416K, 32% used [0x0000000080000000,0x00000000812efda0,0x0000000083b00000)
 Metaspace       used 37860K, capacity 38628K, committed 38872K, reserved 1083392K
  class space    used 5077K, capacity 5265K, committed 5336K, reserved 1048576K
}
Event: 11.106 GC heap before
{Heap before GC invocations=11 (full 2):
 PSYoungGen      total 71680K, used 71650K [0x00000000d5580000, 0x00000000da080000, 0x0000000100000000)
  eden space 66560K, 100% used [0x00000000d5580000,0x00000000d9680000,0x00000000d9680000)
  from space 5120K, 99% used [0x00000000d9b80000,0x00000000da078a88,0x00000000da080000)
  to   space 5120K, 0% used [0x00000000d9680000,0x00000000d9680000,0x00000000d9b80000)
 ParOldGen       total 60416K, used 19391K [0x0000000080000000, 0x0000000083b00000, 0x00000000d5580000)
  object space 60416K, 32% used [0x0000000080000000,0x00000000812efda0,0x0000000083b00000)
 Metaspace       used 43035K, capacity 43920K, committed 44248K, reserved 1087488K
  class space    used 5780K, capacity 5991K, committed 6104K, reserved 1048576K
Event: 11.115 GC heap after
Heap after GC invocations=11 (full 2):
 PSYoungGen      total 71680K, used 5091K [0x00000000d5580000, 0x00000000da080000, 0x0000000100000000)
  eden space 66560K, 0% used [0x00000000d5580000,0x00000000d5580000,0x00000000d9680000)
  from space 5120K, 99% used [0x00000000d9680000,0x00000000d9b78c88,0x00000000d9b80000)
  to   space 5120K, 0% used [0x00000000d9b80000,0x00000000d9b80000,0x00000000da080000)
 ParOldGen       total 60416K, used 23668K [0x0000000080000000, 0x0000000083b00000, 0x00000000d5580000)
  object space 60416K, 39% used [0x0000000080000000,0x000000008171d1c8,0x0000000083b00000)
 Metaspace       used 43035K, capacity 43920K, committed 44248K, reserved 1087488K
  class space    used 5780K, capacity 5991K, committed 6104K, reserved 1048576K
}
Event: 13.068 GC heap before
{Heap before GC invocations=12 (full 2):
 PSYoungGen      total 71680K, used 71651K [0x00000000d5580000, 0x00000000da080000, 0x0000000100000000)
  eden space 66560K, 100% used [0x00000000d5580000,0x00000000d9680000,0x00000000d9680000)
  from space 5120K, 99% used [0x00000000d9680000,0x00000000d9b78c88,0x00000000d9b80000)
  to   space 5120K, 0% used [0x00000000d9b80000,0x00000000d9b80000,0x00000000da080000)
 ParOldGen       total 60416K, used 23668K [0x0000000080000000, 0x0000000083b00000, 0x00000000d5580000)
  object space 60416K, 39% used [0x0000000080000000,0x000000008171d1c8,0x0000000083b00000)
 Metaspace       used 47032K, capacity 48510K, committed 48728K, reserved 1091584K
  class space    used 6393K, capacity 6742K, committed 6744K, reserved 1048576K
Event: 13.090 GC heap after
Heap after GC invocations=12 (full 2):
 PSYoungGen      total 71680K, used 5088K [0x00000000d5580000, 0x00000000da080000, 0x0000000100000000)
  eden space 66560K, 0% used [0x00000000d5580000,0x00000000d5580000,0x00000000d9680000)
  from space 5120K, 99% used [0x00000000d9b80000,0x00000000da078210,0x00000000da080000)
  to   space 5120K, 0% used [0x00000000d9680000,0x00000000d9680000,0x00000000d9b80000)
 ParOldGen       total 60416K, used 31681K [0x0000000080000000, 0x0000000083b00000, 0x00000000d5580000)
  object space 60416K, 52% used [0x0000000080000000,0x0000000081ef05a8,0x0000000083b00000)
 Metaspace       used 47032K, capacity 48510K, committed 48728K, reserved 1091584K
  class space    used 6393K, capacity 6742K, committed 6744K, reserved 1048576K
}

