# JRE version: OpenJDK Runtime Environment (8.0_112-b06) (build 1.8.0_112-release-b06)
# Java VM: OpenJDK 64-Bit Server VM (25.112-b06 mixed mode windows-amd64 compressed oops)
Heap:
 PSYoungGen      total 66560K, used 24473K [0x00000000d5580000, 0x00000000dc280000, 0x0000000100000000)
  eden space 61440K, 31% used [0x00000000d5580000,0x00000000d686a748,0x00000000d9180000)
  from space 5120K, 99% used [0x00000000d9b80000,0x00000000da07c040,0x00000000da080000)
  to   space 10240K, 0% used [0x00000000d9180000,0x00000000d9180000,0x00000000d9b80000)
 ParOldGen       total 66560K, used 13105K [0x0000000080000000, 0x0000000084100000, 0x00000000d5580000)
  object space 66560K, 19% used [0x0000000080000000,0x0000000080ccc548,0x0000000084100000)
 Metaspace       used 32868K, capacity 33488K, committed 33792K, reserved 1079296K
  class space    used 4396K, capacity 4579K, committed 4608K, reserved 1048576K
GC Heap History (10 events):
Event: 2.195 GC heap before
{Heap before GC invocations=3 (full 0):
 PSYoungGen      total 38400K, used 38393K [0x00000000d5580000, 0x00000000d8000000, 0x0000000100000000)
  eden space 33280K, 100% used [0x00000000d5580000,0x00000000d7600000,0x00000000d7600000)
  from space 5120K, 99% used [0x00000000d7b00000,0x00000000d7ffe6f0,0x00000000d8000000)
  to   space 5120K, 0% used [0x00000000d7600000,0x00000000d7600000,0x00000000d7b00000)
 ParOldGen       total 87552K, used 907K [0x0000000080000000, 0x0000000085580000, 0x00000000d5580000)
  object space 87552K, 1% used [0x0000000080000000,0x00000000800e2c88,0x0000000085580000)
 Metaspace       used 16830K, capacity 17138K, committed 17280K, reserved 1064960K
  class space    used 2336K, capacity 2419K, committed 2432K, reserved 1048576K
Event: 2.206 GC heap after
Heap after GC invocations=3 (full 0):
 PSYoungGen      total 38400K, used 5106K [0x00000000d5580000, 0x00000000da080000, 0x0000000100000000)
  eden space 33280K, 0% used [0x00000000d5580000,0x00000000d5580000,0x00000000d7600000)
  from space 5120K, 99% used [0x00000000d7600000,0x00000000d7afc8d0,0x00000000d7b00000)
  to   space 5120K, 0% used [0x00000000d9b80000,0x00000000d9b80000,0x00000000da080000)
 ParOldGen       total 87552K, used 3893K [0x0000000080000000, 0x0000000085580000, 0x00000000d5580000)
  object space 87552K, 4% used [0x0000000080000000,0x00000000803cd4e8,0x0000000085580000)
 Metaspace       used 16830K, capacity 17138K, committed 17280K, reserved 1064960K
  class space    used 2336K, capacity 2419K, committed 2432K, reserved 1048576K
}
Event: 2.822 GC heap before
{Heap before GC invocations=4 (full 0):
 PSYoungGen      total 38400K, used 24190K [0x00000000d5580000, 0x00000000da080000, 0x0000000100000000)
  eden space 33280K, 57% used [0x00000000d5580000,0x00000000d6823058,0x00000000d7600000)
  from space 5120K, 99% used [0x00000000d7600000,0x00000000d7afc8d0,0x00000000d7b00000)
  to   space 5120K, 0% used [0x00000000d9b80000,0x00000000d9b80000,0x00000000da080000)
 ParOldGen       total 87552K, used 3893K [0x0000000080000000, 0x0000000085580000, 0x00000000d5580000)
  object space 87552K, 4% used [0x0000000080000000,0x00000000803cd4e8,0x0000000085580000)
 Metaspace       used 20813K, capacity 21112K, committed 21296K, reserved 1067008K
  class space    used 2754K, capacity 2869K, committed 2944K, reserved 1048576K
Event: 2.832 GC heap after
Heap after GC invocations=4 (full 0):
 PSYoungGen      total 71680K, used 5099K [0x00000000d5580000, 0x00000000da080000, 0x0000000100000000)
  eden space 66560K, 0% used [0x00000000d5580000,0x00000000d5580000,0x00000000d9680000)
  from space 5120K, 99% used [0x00000000d9b80000,0x00000000da07afe0,0x00000000da080000)
  to   space 5120K, 0% used [0x00000000d9680000,0x00000000d9680000,0x00000000d9b80000)
 ParOldGen       total 87552K, used 7770K [0x0000000080000000, 0x0000000085580000, 0x00000000d5580000)
  object space 87552K, 8% used [0x0000000080000000,0x0000000080796ba0,0x0000000085580000)
 Metaspace       used 20813K, capacity 21112K, committed 21296K, reserved 1067008K
  class space    used 2754K, capacity 2869K, committed 2944K, reserved 1048576K
}
Event: 2.832 GC heap before
{Heap before GC invocations=5 (full 1):
 PSYoungGen      total 71680K, used 5099K [0x00000000d5580000, 0x00000000da080000, 0x0000000100000000)
  eden space 66560K, 0% used [0x00000000d5580000,0x00000000d5580000,0x00000000d9680000)
  from space 5120K, 99% used [0x00000000d9b80000,0x00000000da07afe0,0x00000000da080000)
  to   space 5120K, 0% used [0x00000000d9680000,0x00000000d9680000,0x00000000d9b80000)
 ParOldGen       total 87552K, used 7770K [0x0000000080000000, 0x0000000085580000, 0x00000000d5580000)
  object space 87552K, 8% used [0x0000000080000000,0x0000000080796ba0,0x0000000085580000)
 Metaspace       used 20813K, capacity 21112K, committed 21296K, reserved 1067008K
  class space    used 2754K, capacity 2869K, committed 2944K, reserved 1048576K
Event: 2.873 GC heap after
Heap after GC invocations=5 (full 1):
 PSYoungGen      total 71680K, used 0K [0x00000000d5580000, 0x00000000da080000, 0x0000000100000000)
  eden space 66560K, 0% used [0x00000000d5580000,0x00000000d5580000,0x00000000d9680000)
  from space 5120K, 0% used [0x00000000d9b80000,0x00000000d9b80000,0x00000000da080000)
  to   space 5120K, 0% used [0x00000000d9680000,0x00000000d9680000,0x00000000d9b80000)
 ParOldGen       total 66560K, used 8844K [0x0000000080000000, 0x0000000084100000, 0x00000000d5580000)
  object space 66560K, 13% used [0x0000000080000000,0x00000000808a3388,0x0000000084100000)
 Metaspace       used 20813K, capacity 21112K, committed 21296K, reserved 1067008K
  class space    used 2754K, capacity 2869K, committed 2944K, reserved 1048576K
}
Event: 4.102 GC heap before
{Heap before GC invocations=6 (full 1):
 PSYoungGen      total 71680K, used 66560K [0x00000000d5580000, 0x00000000da080000, 0x0000000100000000)
  eden space 66560K, 100% used [0x00000000d5580000,0x00000000d9680000,0x00000000d9680000)
  from space 5120K, 0% used [0x00000000d9b80000,0x00000000d9b80000,0x00000000da080000)
  to   space 5120K, 0% used [0x00000000d9680000,0x00000000d9680000,0x00000000d9b80000)
 ParOldGen       total 66560K, used 8844K [0x0000000080000000, 0x0000000084100000, 0x00000000d5580000)
  object space 66560K, 13% used [0x0000000080000000,0x00000000808a3388,0x0000000084100000)
 Metaspace       used 25974K, capacity 26380K, committed 26496K, reserved 1073152K
  class space    used 3587K, capacity 3697K, committed 3712K, reserved 1048576K
Event: 4.112 GC heap after
Heap after GC invocations=6 (full 1):
 PSYoungGen      total 71680K, used 5112K [0x00000000d5580000, 0x00000000da080000, 0x0000000100000000)
  eden space 66560K, 0% used [0x00000000d5580000,0x00000000d5580000,0x00000000d9680000)
  from space 5120K, 99% used [0x00000000d9680000,0x00000000d9b7e0e0,0x00000000d9b80000)
  to   space 5120K, 0% used [0x00000000d9b80000,0x00000000d9b80000,0x00000000da080000)
 ParOldGen       total 66560K, used 11671K [0x0000000080000000, 0x0000000084100000, 0x00000000d5580000)
  object space 66560K, 17% used [0x0000000080000000,0x0000000080b65d58,0x0000000084100000)
 Metaspace       used 25974K, capacity 26380K, committed 26496K, reserved 1073152K
  class space    used 3587K, capacity 3697K, committed 3712K, reserved 1048576K
}
Event: 7.948 GC heap before
{Heap before GC invocations=7 (full 1):
 PSYoungGen      total 71680K, used 71672K [0x00000000d5580000, 0x00000000da080000, 0x0000000100000000)
  eden space 66560K, 100% used [0x00000000d5580000,0x00000000d9680000,0x00000000d9680000)
  from space 5120K, 99% used [0x00000000d9680000,0x00000000d9b7e0e0,0x00000000d9b80000)
  to   space 5120K, 0% used [0x00000000d9b80000,0x00000000d9b80000,0x00000000da080000)
 ParOldGen       total 66560K, used 11671K [0x0000000080000000, 0x0000000084100000, 0x00000000d5580000)
  object space 66560K, 17% used [0x0000000080000000,0x0000000080b65d58,0x0000000084100000)
 Metaspace       used 29315K, capacity 29738K, committed 29952K, reserved 1075200K
  class space    used 3977K, capacity 4090K, committed 4096K, reserved 1048576K
Event: 7.960 GC heap after
Heap after GC invocations=7 (full 1):
 PSYoungGen      total 66560K, used 5104K [0x00000000d5580000, 0x00000000dc280000, 0x0000000100000000)
  eden space 61440K, 0% used [0x00000000d5580000,0x00000000d5580000,0x00000000d9180000)
  from space 5120K, 99% used [0x00000000d9b80000,0x00000000da07c040,0x00000000da080000)
  to   space 10240K, 0% used [0x00000000d9180000,0x00000000d9180000,0x00000000d9b80000)
 ParOldGen       total 66560K, used 13105K [0x0000000080000000, 0x0000000084100000, 0x00000000d5580000)
  object space 66560K, 19% used [0x0000000080000000,0x0000000080ccc548,0x0000000084100000)
 Metaspace       used 29315K, capacity 29738K, committed 29952K, reserved 1075200K
  class space    used 3977K, capacity 4090K, committed 4096K, reserved 1048576K
}

