# JRE version: OpenJDK Runtime Environment (8.0_112-b06) (build 1.8.0_112-release-b06)
# Java VM: OpenJDK 64-Bit Server VM (25.112-b06 mixed mode windows-amd64 compressed oops)
Heap:
 PSYoungGen      total 123392K, used 24632K [0x00000000d5580000, 0x00000000df180000, 0x0000000100000000)
  eden space 94720K, 26% used [0x00000000d5580000,0x00000000d6d8e328,0x00000000db200000)
  from space 28672K, 0% used [0x00000000dd080000,0x00000000dd080000,0x00000000dec80000)
  to   space 31232K, 0% used [0x00000000db200000,0x00000000db200000,0x00000000dd080000)
 ParOldGen       total 191488K, used 44065K [0x0000000080000000, 0x000000008bb00000, 0x00000000d5580000)
  object space 191488K, 23% used [0x0000000080000000,0x0000000082b084c8,0x000000008bb00000)
 Metaspace       used 60453K, capacity 62978K, committed 63192K, reserved 1103872K
  class space    used 8144K, capacity 8649K, committed 8664K, reserved 1048576K
GC Heap History (10 events):
Event: 16.147 GC heap before
{Heap before GC invocations=17 (full 2):
 PSYoungGen      total 80384K, used 80368K [0x00000000d5580000, 0x00000000dbf80000, 0x0000000100000000)
  eden space 66048K, 100% used [0x00000000d5580000,0x00000000d9600000,0x00000000d9600000)
  from space 14336K, 99% used [0x00000000da780000,0x00000000db57c008,0x00000000db580000)
  to   space 17920K, 0% used [0x00000000d9600000,0x00000000d9600000,0x00000000da780000)
 ParOldGen       total 126464K, used 22225K [0x0000000080000000, 0x0000000087b80000, 0x00000000d5580000)
  object space 126464K, 17% used [0x0000000080000000,0x00000000815b44f8,0x0000000087b80000)
 Metaspace       used 50308K, capacity 52096K, committed 52184K, reserved 1093632K
  class space    used 6969K, capacity 7360K, committed 7384K, reserved 1048576K
Event: 16.185 GC heap after
Heap after GC invocations=17 (full 2):
 PSYoungGen      total 83968K, used 17904K [0x00000000d5580000, 0x00000000dd600000, 0x0000000100000000)
  eden space 66048K, 0% used [0x00000000d5580000,0x00000000d5580000,0x00000000d9600000)
  from space 17920K, 99% used [0x00000000d9600000,0x00000000da77c008,0x00000000da780000)
  to   space 22528K, 0% used [0x00000000dc000000,0x00000000dc000000,0x00000000dd600000)
 ParOldGen       total 126464K, used 27974K [0x0000000080000000, 0x0000000087b80000, 0x00000000d5580000)
  object space 126464K, 22% used [0x0000000080000000,0x0000000081b519b0,0x0000000087b80000)
 Metaspace       used 50308K, capacity 52096K, committed 52184K, reserved 1093632K
  class space    used 6969K, capacity 7360K, committed 7384K, reserved 1048576K
}
Event: 20.077 GC heap before
{Heap before GC invocations=18 (full 2):
 PSYoungGen      total 83968K, used 83952K [0x00000000d5580000, 0x00000000dd600000, 0x0000000100000000)
  eden space 66048K, 100% used [0x00000000d5580000,0x00000000d9600000,0x00000000d9600000)
  from space 17920K, 99% used [0x00000000d9600000,0x00000000da77c008,0x00000000da780000)
  to   space 22528K, 0% used [0x00000000dc000000,0x00000000dc000000,0x00000000dd600000)
 ParOldGen       total 126464K, used 27974K [0x0000000080000000, 0x0000000087b80000, 0x00000000d5580000)
  object space 126464K, 22% used [0x0000000080000000,0x0000000081b519b0,0x0000000087b80000)
 Metaspace       used 53346K, capacity 55618K, committed 55896K, reserved 1097728K
  class space    used 7270K, capacity 7729K, committed 7768K, reserved 1048576K
Event: 20.099 GC heap after
Heap after GC invocations=18 (full 2):
 PSYoungGen      total 105984K, used 22456K [0x00000000d5580000, 0x00000000dda00000, 0x0000000100000000)
  eden space 83456K, 0% used [0x00000000d5580000,0x00000000d5580000,0x00000000da700000)
  from space 22528K, 99% used [0x00000000dc000000,0x00000000dd5ee298,0x00000000dd600000)
  to   space 25600K, 0% used [0x00000000da700000,0x00000000da700000,0x00000000dc000000)
 ParOldGen       total 126464K, used 27982K [0x0000000080000000, 0x0000000087b80000, 0x00000000d5580000)
  object space 126464K, 22% used [0x0000000080000000,0x0000000081b539b0,0x0000000087b80000)
 Metaspace       used 53346K, capacity 55618K, committed 55896K, reserved 1097728K
  class space    used 7270K, capacity 7729K, committed 7768K, reserved 1048576K
}
Event: 29.117 GC heap before
{Heap before GC invocations=19 (full 2):
 PSYoungGen      total 105984K, used 105912K [0x00000000d5580000, 0x00000000dda00000, 0x0000000100000000)
  eden space 83456K, 100% used [0x00000000d5580000,0x00000000da700000,0x00000000da700000)
  from space 22528K, 99% used [0x00000000dc000000,0x00000000dd5ee298,0x00000000dd600000)
  to   space 25600K, 0% used [0x00000000da700000,0x00000000da700000,0x00000000dc000000)
 ParOldGen       total 126464K, used 27982K [0x0000000080000000, 0x0000000087b80000, 0x00000000d5580000)
  object space 126464K, 22% used [0x0000000080000000,0x0000000081b539b0,0x0000000087b80000)
 Metaspace       used 56031K, capacity 58414K, committed 58584K, reserved 1099776K
  class space    used 7592K, capacity 8057K, committed 8152K, reserved 1048576K
Event: 29.139 GC heap after
Heap after GC invocations=19 (full 2):
 PSYoungGen      total 109056K, used 23093K [0x00000000d5580000, 0x00000000dec80000, 0x0000000100000000)
  eden space 83456K, 0% used [0x00000000d5580000,0x00000000d5580000,0x00000000da700000)
  from space 25600K, 90% used [0x00000000da700000,0x00000000dbd8d7e0,0x00000000dc000000)
  to   space 28672K, 0% used [0x00000000dd080000,0x00000000dd080000,0x00000000dec80000)
 ParOldGen       total 126464K, used 27990K [0x0000000080000000, 0x0000000087b80000, 0x00000000d5580000)
  object space 126464K, 22% used [0x0000000080000000,0x0000000081b559b0,0x0000000087b80000)
 Metaspace       used 56031K, capacity 58414K, committed 58584K, reserved 1099776K
  class space    used 7592K, capacity 8057K, committed 8152K, reserved 1048576K
}
Event: 30.619 GC heap before
{Heap before GC invocations=20 (full 2):
 PSYoungGen      total 109056K, used 58273K [0x00000000d5580000, 0x00000000dec80000, 0x0000000100000000)
  eden space 83456K, 42% used [0x00000000d5580000,0x00000000d77daf90,0x00000000da700000)
  from space 25600K, 90% used [0x00000000da700000,0x00000000dbd8d7e0,0x00000000dc000000)
  to   space 28672K, 0% used [0x00000000dd080000,0x00000000dd080000,0x00000000dec80000)
 ParOldGen       total 126464K, used 27990K [0x0000000080000000, 0x0000000087b80000, 0x00000000d5580000)
  object space 126464K, 22% used [0x0000000080000000,0x0000000081b559b0,0x0000000087b80000)
 Metaspace       used 56586K, capacity 59010K, committed 59028K, reserved 1099776K
  class space    used 7656K, capacity 8137K, committed 8152K, reserved 1048576K
Event: 30.644 GC heap after
Heap after GC invocations=20 (full 2):
 PSYoungGen      total 123392K, used 24581K [0x00000000d5580000, 0x00000000df180000, 0x0000000100000000)
  eden space 94720K, 0% used [0x00000000d5580000,0x00000000d5580000,0x00000000db200000)
  from space 28672K, 85% used [0x00000000dd080000,0x00000000de881538,0x00000000dec80000)
  to   space 31232K, 0% used [0x00000000db200000,0x00000000db200000,0x00000000dd080000)
 ParOldGen       total 126464K, used 27998K [0x0000000080000000, 0x0000000087b80000, 0x00000000d5580000)
  object space 126464K, 22% used [0x0000000080000000,0x0000000081b579b0,0x0000000087b80000)
 Metaspace       used 56586K, capacity 59010K, committed 59028K, reserved 1099776K
  class space    used 7656K, capacity 8137K, committed 8152K, reserved 1048576K
}
Event: 30.644 GC heap before
{Heap before GC invocations=21 (full 3):
 PSYoungGen      total 123392K, used 24581K [0x00000000d5580000, 0x00000000df180000, 0x0000000100000000)
  eden space 94720K, 0% used [0x00000000d5580000,0x00000000d5580000,0x00000000db200000)
  from space 28672K, 85% used [0x00000000dd080000,0x00000000de881538,0x00000000dec80000)
  to   space 31232K, 0% used [0x00000000db200000,0x00000000db200000,0x00000000dd080000)
 ParOldGen       total 126464K, used 27998K [0x0000000080000000, 0x0000000087b80000, 0x00000000d5580000)
  object space 126464K, 22% used [0x0000000080000000,0x0000000081b579b0,0x0000000087b80000)
 Metaspace       used 56586K, capacity 59010K, committed 59028K, reserved 1099776K
  class space    used 7656K, capacity 8137K, committed 8152K, reserved 1048576K
Event: 30.890 GC heap after
Heap after GC invocations=21 (full 3):
 PSYoungGen      total 123392K, used 0K [0x00000000d5580000, 0x00000000df180000, 0x0000000100000000)
  eden space 94720K, 0% used [0x00000000d5580000,0x00000000d5580000,0x00000000db200000)
  from space 28672K, 0% used [0x00000000dd080000,0x00000000dd080000,0x00000000dec80000)
  to   space 31232K, 0% used [0x00000000db200000,0x00000000db200000,0x00000000dd080000)
 ParOldGen       total 191488K, used 44065K [0x0000000080000000, 0x000000008bb00000, 0x00000000d5580000)
  object space 191488K, 23% used [0x0000000080000000,0x0000000082b084c8,0x000000008bb00000)
 Metaspace       used 56586K, capacity 59010K, committed 59028K, reserved 1099776K
  class space    used 7656K, capacity 8137K, committed 8152K, reserved 1048576K
}

