# JRE version: OpenJDK Runtime Environment (8.0_112-b06) (build 1.8.0_112-release-b06)
# Java VM: OpenJDK 64-Bit Server VM (25.112-b06 mixed mode windows-amd64 compressed oops)
Heap:
 PSYoungGen      total 94720K, used 59192K [0x00000000d5580000, 0x00000000dbd00000, 0x0000000100000000)
  eden space 83456K, 57% used [0x00000000d5580000,0x00000000d8451980,0x00000000da700000)
  from space 11264K, 99% used [0x00000000da700000,0x00000000db1fc730,0x00000000db200000)
  to   space 10240K, 0% used [0x00000000db300000,0x00000000db300000,0x00000000dbd00000)
 ParOldGen       total 67072K, used 15788K [0x0000000080000000, 0x0000000084180000, 0x00000000d5580000)
  object space 67072K, 23% used [0x0000000080000000,0x0000000080f6b140,0x0000000084180000)
 Metaspace       used 47680K, capacity 49108K, committed 49408K, reserved 1091584K
  class space    used 6455K, capacity 6790K, committed 6912K, reserved 1048576K
GC Heap History (10 events):
Event: 5.829 GC heap before
{Heap before GC invocations=9 (full 1):
 PSYoungGen      total 56832K, used 52232K [0x00000000d5580000, 0x00000000da880000, 0x0000000100000000)
  eden space 46592K, 100% used [0x00000000d5580000,0x00000000d8300000,0x00000000d8300000)
  from space 10240K, 55% used [0x00000000d8300000,0x00000000d88823e0,0x00000000d8d00000)
  to   space 9728K, 0% used [0x00000000d9f00000,0x00000000d9f00000,0x00000000da880000)
 ParOldGen       total 67072K, used 9092K [0x0000000080000000, 0x0000000084180000, 0x00000000d5580000)
  object space 67072K, 13% used [0x0000000080000000,0x00000000808e1280,0x0000000084180000)
 Metaspace       used 33645K, capacity 34168K, committed 34432K, reserved 1079296K
  class space    used 4515K, capacity 4677K, committed 4736K, reserved 1048576K
Event: 5.845 GC heap after
Heap after GC invocations=9 (full 1):
 PSYoungGen      total 74240K, used 9300K [0x00000000d5580000, 0x00000000dab00000, 0x0000000100000000)
  eden space 64512K, 0% used [0x00000000d5580000,0x00000000d5580000,0x00000000d9480000)
  from space 9728K, 95% used [0x00000000d9f00000,0x00000000da815130,0x00000000da880000)
  to   space 10752K, 0% used [0x00000000d9480000,0x00000000d9480000,0x00000000d9f00000)
 ParOldGen       total 67072K, used 9164K [0x0000000080000000, 0x0000000084180000, 0x00000000d5580000)
  object space 67072K, 13% used [0x0000000080000000,0x00000000808f3290,0x0000000084180000)
 Metaspace       used 33645K, capacity 34168K, committed 34432K, reserved 1079296K
  class space    used 4515K, capacity 4677K, committed 4736K, reserved 1048576K
}
Event: 6.167 GC heap before
{Heap before GC invocations=10 (full 1):
 PSYoungGen      total 74240K, used 44588K [0x00000000d5580000, 0x00000000dab00000, 0x0000000100000000)
  eden space 64512K, 54% used [0x00000000d5580000,0x00000000d77f6168,0x00000000d9480000)
  from space 9728K, 95% used [0x00000000d9f00000,0x00000000da815130,0x00000000da880000)
  to   space 10752K, 0% used [0x00000000d9480000,0x00000000d9480000,0x00000000d9f00000)
 ParOldGen       total 67072K, used 9164K [0x0000000080000000, 0x0000000084180000, 0x00000000d5580000)
  object space 67072K, 13% used [0x0000000080000000,0x00000000808f3290,0x0000000084180000)
 Metaspace       used 34717K, capacity 35240K, committed 35496K, reserved 1079296K
  class space    used 4634K, capacity 4779K, committed 4864K, reserved 1048576K
Event: 6.181 GC heap after
Heap after GC invocations=10 (full 1):
 PSYoungGen      total 75264K, used 7613K [0x00000000d5580000, 0x00000000dbd80000, 0x0000000100000000)
  eden space 64512K, 0% used [0x00000000d5580000,0x00000000d5580000,0x00000000d9480000)
  from space 10752K, 70% used [0x00000000d9480000,0x00000000d9bef770,0x00000000d9f00000)
  to   space 10752K, 0% used [0x00000000db300000,0x00000000db300000,0x00000000dbd80000)
 ParOldGen       total 67072K, used 9172K [0x0000000080000000, 0x0000000084180000, 0x00000000d5580000)
  object space 67072K, 13% used [0x0000000080000000,0x00000000808f5290,0x0000000084180000)
 Metaspace       used 34717K, capacity 35240K, committed 35496K, reserved 1079296K
  class space    used 4634K, capacity 4779K, committed 4864K, reserved 1048576K
}
Event: 6.181 GC heap before
{Heap before GC invocations=11 (full 2):
 PSYoungGen      total 75264K, used 7613K [0x00000000d5580000, 0x00000000dbd80000, 0x0000000100000000)
  eden space 64512K, 0% used [0x00000000d5580000,0x00000000d5580000,0x00000000d9480000)
  from space 10752K, 70% used [0x00000000d9480000,0x00000000d9bef770,0x00000000d9f00000)
  to   space 10752K, 0% used [0x00000000db300000,0x00000000db300000,0x00000000dbd80000)
 ParOldGen       total 67072K, used 9172K [0x0000000080000000, 0x0000000084180000, 0x00000000d5580000)
  object space 67072K, 13% used [0x0000000080000000,0x00000000808f5290,0x0000000084180000)
 Metaspace       used 34717K, capacity 35240K, committed 35496K, reserved 1079296K
  class space    used 4634K, capacity 4779K, committed 4864K, reserved 1048576K
Event: 6.254 GC heap after
Heap after GC invocations=11 (full 2):
 PSYoungGen      total 75264K, used 0K [0x00000000d5580000, 0x00000000dbd80000, 0x0000000100000000)
  eden space 64512K, 0% used [0x00000000d5580000,0x00000000d5580000,0x00000000d9480000)
  from space 10752K, 0% used [0x00000000d9480000,0x00000000d9480000,0x00000000d9f00000)
  to   space 10752K, 0% used [0x00000000db300000,0x00000000db300000,0x00000000dbd80000)
 ParOldGen       total 67072K, used 14024K [0x0000000080000000, 0x0000000084180000, 0x00000000d5580000)
  object space 67072K, 20% used [0x0000000080000000,0x0000000080db2110,0x0000000084180000)
 Metaspace       used 34717K, capacity 35240K, committed 35496K, reserved 1079296K
  class space    used 4634K, capacity 4779K, committed 4864K, reserved 1048576K
}
Event: 7.201 GC heap before
{Heap before GC invocations=12 (full 2):
 PSYoungGen      total 75264K, used 64512K [0x00000000d5580000, 0x00000000dbd80000, 0x0000000100000000)
  eden space 64512K, 100% used [0x00000000d5580000,0x00000000d9480000,0x00000000d9480000)
  from space 10752K, 0% used [0x00000000d9480000,0x00000000d9480000,0x00000000d9f00000)
  to   space 10752K, 0% used [0x00000000db300000,0x00000000db300000,0x00000000dbd80000)
 ParOldGen       total 67072K, used 14024K [0x0000000080000000, 0x0000000084180000, 0x00000000d5580000)
  object space 67072K, 20% used [0x0000000080000000,0x0000000080db2110,0x0000000084180000)
 Metaspace       used 41894K, capacity 42598K, committed 43008K, reserved 1087488K
  class space    used 5618K, capacity 5833K, committed 5888K, reserved 1048576K
Event: 7.213 GC heap after
Heap after GC invocations=12 (full 2):
 PSYoungGen      total 93696K, used 8291K [0x00000000d5580000, 0x00000000dbd00000, 0x0000000100000000)
  eden space 83456K, 0% used [0x00000000d5580000,0x00000000d5580000,0x00000000da700000)
  from space 10240K, 80% used [0x00000000db300000,0x00000000dbb18fe0,0x00000000dbd00000)
  to   space 11264K, 0% used [0x00000000da700000,0x00000000da700000,0x00000000db200000)
 ParOldGen       total 67072K, used 14032K [0x0000000080000000, 0x0000000084180000, 0x00000000d5580000)
  object space 67072K, 20% used [0x0000000080000000,0x0000000080db4110,0x0000000084180000)
 Metaspace       used 41894K, capacity 42598K, committed 43008K, reserved 1087488K
  class space    used 5618K, capacity 5833K, committed 5888K, reserved 1048576K
}
Event: 8.114 GC heap before
{Heap before GC invocations=13 (full 2):
 PSYoungGen      total 93696K, used 91747K [0x00000000d5580000, 0x00000000dbd00000, 0x0000000100000000)
  eden space 83456K, 100% used [0x00000000d5580000,0x00000000da700000,0x00000000da700000)
  from space 10240K, 80% used [0x00000000db300000,0x00000000dbb18fe0,0x00000000dbd00000)
  to   space 11264K, 0% used [0x00000000da700000,0x00000000da700000,0x00000000db200000)
 ParOldGen       total 67072K, used 14032K [0x0000000080000000, 0x0000000084180000, 0x00000000d5580000)
  object space 67072K, 20% used [0x0000000080000000,0x0000000080db4110,0x0000000084180000)
 Metaspace       used 44989K, capacity 46072K, committed 46336K, reserved 1089536K
  class space    used 6042K, capacity 6284K, committed 6400K, reserved 1048576K
Event: 8.131 GC heap after
Heap after GC invocations=13 (full 2):
 PSYoungGen      total 94720K, used 11249K [0x00000000d5580000, 0x00000000dbd00000, 0x0000000100000000)
  eden space 83456K, 0% used [0x00000000d5580000,0x00000000d5580000,0x00000000da700000)
  from space 11264K, 99% used [0x00000000da700000,0x00000000db1fc730,0x00000000db200000)
  to   space 10240K, 0% used [0x00000000db300000,0x00000000db300000,0x00000000dbd00000)
 ParOldGen       total 67072K, used 15788K [0x0000000080000000, 0x0000000084180000, 0x00000000d5580000)
  object space 67072K, 23% used [0x0000000080000000,0x0000000080f6b140,0x0000000084180000)
 Metaspace       used 44989K, capacity 46072K, committed 46336K, reserved 1089536K
  class space    used 6042K, capacity 6284K, committed 6400K, reserved 1048576K
}

