# JRE version: OpenJDK Runtime Environment (8.0_112-b06) (build 1.8.0_112-release-b06)
# Java VM: OpenJDK 64-Bit Server VM (25.112-b06 mixed mode windows-amd64 compressed oops)
Heap:
 PSYoungGen      total 226304K, used 114927K [0x00000000d5580000, 0x00000000e4900000, 0x0000000100000000)
  eden space 205312K, 45% used [0x00000000d5580000,0x00000000db13c6f0,0x00000000e1e00000)
  from space 20992K, 99% used [0x00000000e3400000,0x00000000e487f8a8,0x00000000e4880000)
  to   space 22016K, 0% used [0x00000000e1e00000,0x00000000e1e00000,0x00000000e3380000)
 ParOldGen       total 134656K, used 80979K [0x0000000080000000, 0x0000000088380000, 0x00000000d5580000)
  object space 134656K, 60% used [0x0000000080000000,0x0000000084f14ea8,0x0000000088380000)
 Metaspace       used 63620K, capacity 65546K, committed 65664K, reserved 1105920K
  class space    used 8182K, capacity 8557K, committed 8576K, reserved 1048576K
GC Heap History (10 events):
Event: 27.015 GC heap before
{Heap before GC invocations=13 (full 2):
 PSYoungGen      total 163328K, used 20878K [0x00000000d5580000, 0x00000000e0b00000, 0x0000000100000000)
  eden space 146944K, 3% used [0x00000000d5580000,0x00000000d59e4050,0x00000000de500000)
  from space 16384K, 99% used [0x00000000df900000,0x00000000e08ff828,0x00000000e0900000)
  to   space 19456K, 0% used [0x00000000de500000,0x00000000de500000,0x00000000df800000)
 ParOldGen       total 105984K, used 27155K [0x0000000080000000, 0x0000000086780000, 0x00000000d5580000)
  object space 105984K, 25% used [0x0000000080000000,0x0000000081a84e48,0x0000000086780000)
 Metaspace       used 57437K, capacity 59004K, committed 59136K, reserved 1099776K
  class space    used 7530K, capacity 7864K, committed 7936K, reserved 1048576K
Event: 27.032 GC heap after
Heap after GC invocations=13 (full 2):
 PSYoungGen      total 166400K, used 16462K [0x00000000d5580000, 0x00000000e4880000, 0x0000000100000000)
  eden space 146944K, 0% used [0x00000000d5580000,0x00000000d5580000,0x00000000de500000)
  from space 19456K, 84% used [0x00000000de500000,0x00000000df513818,0x00000000df800000)
  to   space 20992K, 0% used [0x00000000e3400000,0x00000000e3400000,0x00000000e4880000)
 ParOldGen       total 105984K, used 27163K [0x0000000080000000, 0x0000000086780000, 0x00000000d5580000)
  object space 105984K, 25% used [0x0000000080000000,0x0000000081a86e48,0x0000000086780000)
 Metaspace       used 57437K, capacity 59004K, committed 59136K, reserved 1099776K
  class space    used 7530K, capacity 7864K, committed 7936K, reserved 1048576K
}
Event: 27.032 GC heap before
{Heap before GC invocations=14 (full 3):
 PSYoungGen      total 166400K, used 16462K [0x00000000d5580000, 0x00000000e4880000, 0x0000000100000000)
  eden space 146944K, 0% used [0x00000000d5580000,0x00000000d5580000,0x00000000de500000)
  from space 19456K, 84% used [0x00000000de500000,0x00000000df513818,0x00000000df800000)
  to   space 20992K, 0% used [0x00000000e3400000,0x00000000e3400000,0x00000000e4880000)
 ParOldGen       total 105984K, used 27163K [0x0000000080000000, 0x0000000086780000, 0x00000000d5580000)
  object space 105984K, 25% used [0x0000000080000000,0x0000000081a86e48,0x0000000086780000)
 Metaspace       used 57437K, capacity 59004K, committed 59136K, reserved 1099776K
  class space    used 7530K, capacity 7864K, committed 7936K, reserved 1048576K
Event: 27.226 GC heap after
Heap after GC invocations=14 (full 3):
 PSYoungGen      total 166400K, used 0K [0x00000000d5580000, 0x00000000e4880000, 0x0000000100000000)
  eden space 146944K, 0% used [0x00000000d5580000,0x00000000d5580000,0x00000000de500000)
  from space 19456K, 0% used [0x00000000de500000,0x00000000de500000,0x00000000df800000)
  to   space 20992K, 0% used [0x00000000e3400000,0x00000000e3400000,0x00000000e4880000)
 ParOldGen       total 134656K, used 29310K [0x0000000080000000, 0x0000000088380000, 0x00000000d5580000)
  object space 134656K, 21% used [0x0000000080000000,0x0000000081c9f948,0x0000000088380000)
 Metaspace       used 57437K, capacity 59004K, committed 59136K, reserved 1099776K
  class space    used 7530K, capacity 7864K, committed 7936K, reserved 1048576K
}
Event: 33.221 GC heap before
{Heap before GC invocations=15 (full 3):
 PSYoungGen      total 166400K, used 146944K [0x00000000d5580000, 0x00000000e4880000, 0x0000000100000000)
  eden space 146944K, 100% used [0x00000000d5580000,0x00000000de500000,0x00000000de500000)
  from space 19456K, 0% used [0x00000000de500000,0x00000000de500000,0x00000000df800000)
  to   space 20992K, 0% used [0x00000000e3400000,0x00000000e3400000,0x00000000e4880000)
 ParOldGen       total 134656K, used 29310K [0x0000000080000000, 0x0000000088380000, 0x00000000d5580000)
  object space 134656K, 21% used [0x0000000080000000,0x0000000081c9f948,0x0000000088380000)
 Metaspace       used 63056K, capacity 65034K, committed 65152K, reserved 1105920K
  class space    used 8176K, capacity 8557K, committed 8576K, reserved 1048576K
Event: 33.247 GC heap after
Heap after GC invocations=15 (full 3):
 PSYoungGen      total 226304K, used 16304K [0x00000000d5580000, 0x00000000e4900000, 0x0000000100000000)
  eden space 205312K, 0% used [0x00000000d5580000,0x00000000d5580000,0x00000000e1e00000)
  from space 20992K, 77% used [0x00000000e3400000,0x00000000e43ec100,0x00000000e4880000)
  to   space 22016K, 0% used [0x00000000e1e00000,0x00000000e1e00000,0x00000000e3380000)
 ParOldGen       total 134656K, used 29318K [0x0000000080000000, 0x0000000088380000, 0x00000000d5580000)
  object space 134656K, 21% used [0x0000000080000000,0x0000000081ca1948,0x0000000088380000)
 Metaspace       used 63056K, capacity 65034K, committed 65152K, reserved 1105920K
  class space    used 8176K, capacity 8557K, committed 8576K, reserved 1048576K
}
Event: 34.289 GC heap before
{Heap before GC invocations=16 (full 3):
 PSYoungGen      total 226304K, used 221616K [0x00000000d5580000, 0x00000000e4900000, 0x0000000100000000)
  eden space 205312K, 100% used [0x00000000d5580000,0x00000000e1e00000,0x00000000e1e00000)
  from space 20992K, 77% used [0x00000000e3400000,0x00000000e43ec100,0x00000000e4880000)
  to   space 22016K, 0% used [0x00000000e1e00000,0x00000000e1e00000,0x00000000e3380000)
 ParOldGen       total 134656K, used 29318K [0x0000000080000000, 0x0000000088380000, 0x00000000d5580000)
  object space 134656K, 21% used [0x0000000080000000,0x0000000081ca1948,0x0000000088380000)
 Metaspace       used 63511K, capacity 65418K, committed 65664K, reserved 1105920K
  class space    used 8181K, capacity 8557K, committed 8576K, reserved 1048576K
Event: 34.381 GC heap after
Heap after GC invocations=16 (full 3):
 PSYoungGen      total 227328K, used 21995K [0x00000000d5580000, 0x00000000e4900000, 0x0000000100000000)
  eden space 205312K, 0% used [0x00000000d5580000,0x00000000d5580000,0x00000000e1e00000)
  from space 22016K, 99% used [0x00000000e1e00000,0x00000000e337ad30,0x00000000e3380000)
  to   space 20992K, 0% used [0x00000000e3400000,0x00000000e3400000,0x00000000e4880000)
 ParOldGen       total 134656K, used 51391K [0x0000000080000000, 0x0000000088380000, 0x00000000d5580000)
  object space 134656K, 38% used [0x0000000080000000,0x000000008322fd28,0x0000000088380000)
 Metaspace       used 63511K, capacity 65418K, committed 65664K, reserved 1105920K
  class space    used 8181K, capacity 8557K, committed 8576K, reserved 1048576K
}
Event: 35.432 GC heap before
{Heap before GC invocations=17 (full 3):
 PSYoungGen      total 227328K, used 227307K [0x00000000d5580000, 0x00000000e4900000, 0x0000000100000000)
  eden space 205312K, 100% used [0x00000000d5580000,0x00000000e1e00000,0x00000000e1e00000)
  from space 22016K, 99% used [0x00000000e1e00000,0x00000000e337ad30,0x00000000e3380000)
  to   space 20992K, 0% used [0x00000000e3400000,0x00000000e3400000,0x00000000e4880000)
 ParOldGen       total 134656K, used 51391K [0x0000000080000000, 0x0000000088380000, 0x00000000d5580000)
  object space 134656K, 38% used [0x0000000080000000,0x000000008322fd28,0x0000000088380000)
 Metaspace       used 63592K, capacity 65546K, committed 65664K, reserved 1105920K
  class space    used 8181K, capacity 8557K, committed 8576K, reserved 1048576K
Event: 35.494 GC heap after
Heap after GC invocations=17 (full 3):
 PSYoungGen      total 226304K, used 20990K [0x00000000d5580000, 0x00000000e4900000, 0x0000000100000000)
  eden space 205312K, 0% used [0x00000000d5580000,0x00000000d5580000,0x00000000e1e00000)
  from space 20992K, 99% used [0x00000000e3400000,0x00000000e487f8a8,0x00000000e4880000)
  to   space 22016K, 0% used [0x00000000e1e00000,0x00000000e1e00000,0x00000000e3380000)
 ParOldGen       total 134656K, used 80979K [0x0000000080000000, 0x0000000088380000, 0x00000000d5580000)
  object space 134656K, 60% used [0x0000000080000000,0x0000000084f14ea8,0x0000000088380000)
 Metaspace       used 63592K, capacity 65546K, committed 65664K, reserved 1105920K
  class space    used 8181K, capacity 8557K, committed 8576K, reserved 1048576K
}

