# JRE version: OpenJDK Runtime Environment (8.0_112-b06) (build 1.8.0_112-release-b06)
# Java VM: OpenJDK 64-Bit Server VM (25.112-b06 mixed mode windows-amd64 compressed oops)
Heap:
 PSYoungGen      total 102912K, used 51608K [0x00000000d5580000, 0x00000000dc880000, 0x0000000100000000)
  eden space 92160K, 55% used [0x00000000d5580000,0x00000000d87e63b0,0x00000000daf80000)
  from space 10752K, 0% used [0x00000000dbe00000,0x00000000dbe00000,0x00000000dc880000)
  to   space 12800K, 0% used [0x00000000daf80000,0x00000000daf80000,0x00000000dbc00000)
 ParOldGen       total 69632K, used 16892K [0x0000000080000000, 0x0000000084400000, 0x00000000d5580000)
  object space 69632K, 24% used [0x0000000080000000,0x000000008107f290,0x0000000084400000)
 Metaspace       used 37661K, capacity 38404K, committed 38784K, reserved 1083392K
  class space    used 5001K, capacity 5202K, committed 5248K, reserved 1048576K
GC Heap History (10 events):
Event: 3.396 GC heap before
{Heap before GC invocations=4 (full 1):
 PSYoungGen      total 71680K, used 5115K [0x00000000d5580000, 0x00000000da080000, 0x0000000100000000)
  eden space 66560K, 0% used [0x00000000d5580000,0x00000000d5580000,0x00000000d9680000)
  from space 5120K, 99% used [0x00000000d9680000,0x00000000d9b7efd0,0x00000000d9b80000)
  to   space 5120K, 0% used [0x00000000d9b80000,0x00000000d9b80000,0x00000000da080000)
 ParOldGen       total 87552K, used 8599K [0x0000000080000000, 0x0000000085580000, 0x00000000d5580000)
  object space 87552K, 9% used [0x0000000080000000,0x0000000080865ea8,0x0000000085580000)
 Metaspace       used 20721K, capacity 21114K, committed 21248K, reserved 1067008K
  class space    used 2794K, capacity 2948K, committed 3072K, reserved 1048576K
Event: 3.464 GC heap after
Heap after GC invocations=4 (full 1):
 PSYoungGen      total 71680K, used 0K [0x00000000d5580000, 0x00000000da080000, 0x0000000100000000)
  eden space 66560K, 0% used [0x00000000d5580000,0x00000000d5580000,0x00000000d9680000)
  from space 5120K, 0% used [0x00000000d9680000,0x00000000d9680000,0x00000000d9b80000)
  to   space 5120K, 0% used [0x00000000d9b80000,0x00000000d9b80000,0x00000000da080000)
 ParOldGen       total 69632K, used 12427K [0x0000000080000000, 0x0000000084400000, 0x00000000d5580000)
  object space 69632K, 17% used [0x0000000080000000,0x0000000080c22cf0,0x0000000084400000)
 Metaspace       used 20721K, capacity 21114K, committed 21248K, reserved 1067008K
  class space    used 2794K, capacity 2948K, committed 3072K, reserved 1048576K
}
Event: 5.454 GC heap before
{Heap before GC invocations=5 (full 1):
 PSYoungGen      total 71680K, used 66560K [0x00000000d5580000, 0x00000000da080000, 0x0000000100000000)
  eden space 66560K, 100% used [0x00000000d5580000,0x00000000d9680000,0x00000000d9680000)
  from space 5120K, 0% used [0x00000000d9680000,0x00000000d9680000,0x00000000d9b80000)
  to   space 5120K, 0% used [0x00000000d9b80000,0x00000000d9b80000,0x00000000da080000)
 ParOldGen       total 69632K, used 12427K [0x0000000080000000, 0x0000000084400000, 0x00000000d5580000)
  object space 69632K, 17% used [0x0000000080000000,0x0000000080c22cf0,0x0000000084400000)
 Metaspace       used 26490K, capacity 26992K, committed 27136K, reserved 1073152K
  class space    used 3659K, capacity 3786K, committed 3840K, reserved 1048576K
Event: 5.462 GC heap after
Heap after GC invocations=5 (full 1):
 PSYoungGen      total 71680K, used 5091K [0x00000000d5580000, 0x00000000dc000000, 0x0000000100000000)
  eden space 66560K, 0% used [0x00000000d5580000,0x00000000d5580000,0x00000000d9680000)
  from space 5120K, 99% used [0x00000000d9b80000,0x00000000da078c48,0x00000000da080000)
  to   space 5120K, 0% used [0x00000000d9680000,0x00000000d9680000,0x00000000d9b80000)
 ParOldGen       total 69632K, used 15585K [0x0000000080000000, 0x0000000084400000, 0x00000000d5580000)
  object space 69632K, 22% used [0x0000000080000000,0x0000000080f387e8,0x0000000084400000)
 Metaspace       used 26490K, capacity 26992K, committed 27136K, reserved 1073152K
  class space    used 3659K, capacity 3786K, committed 3840K, reserved 1048576K
}
Event: 7.721 GC heap before
{Heap before GC invocations=6 (full 1):
 PSYoungGen      total 71680K, used 71651K [0x00000000d5580000, 0x00000000dc000000, 0x0000000100000000)
  eden space 66560K, 100% used [0x00000000d5580000,0x00000000d9680000,0x00000000d9680000)
  from space 5120K, 99% used [0x00000000d9b80000,0x00000000da078c48,0x00000000da080000)
  to   space 5120K, 0% used [0x00000000d9680000,0x00000000d9680000,0x00000000d9b80000)
 ParOldGen       total 69632K, used 15585K [0x0000000080000000, 0x0000000084400000, 0x00000000d5580000)
  object space 69632K, 22% used [0x0000000080000000,0x0000000080f387e8,0x0000000084400000)
 Metaspace       used 29829K, capacity 30428K, committed 30720K, reserved 1075200K
  class space    used 4071K, capacity 4246K, committed 4352K, reserved 1048576K
Event: 7.728 GC heap after
Heap after GC invocations=6 (full 1):
 PSYoungGen      total 71680K, used 5092K [0x00000000d5580000, 0x00000000dca00000, 0x0000000100000000)
  eden space 66560K, 0% used [0x00000000d5580000,0x00000000d5580000,0x00000000d9680000)
  from space 5120K, 99% used [0x00000000d9680000,0x00000000d9b79030,0x00000000d9b80000)
  to   space 12288K, 0% used [0x00000000dbe00000,0x00000000dbe00000,0x00000000dca00000)
 ParOldGen       total 69632K, used 17335K [0x0000000080000000, 0x0000000084400000, 0x00000000d5580000)
  object space 69632K, 24% used [0x0000000080000000,0x00000000810edd08,0x0000000084400000)
 Metaspace       used 29829K, capacity 30428K, committed 30720K, reserved 1075200K
  class space    used 4071K, capacity 4246K, committed 4352K, reserved 1048576K
}
Event: 10.478 GC heap before
{Heap before GC invocations=7 (full 1):
 PSYoungGen      total 71680K, used 38132K [0x00000000d5580000, 0x00000000dca00000, 0x0000000100000000)
  eden space 66560K, 49% used [0x00000000d5580000,0x00000000d75c43a8,0x00000000d9680000)
  from space 5120K, 99% used [0x00000000d9680000,0x00000000d9b79030,0x00000000d9b80000)
  to   space 12288K, 0% used [0x00000000dbe00000,0x00000000dbe00000,0x00000000dca00000)
 ParOldGen       total 69632K, used 17335K [0x0000000080000000, 0x0000000084400000, 0x00000000d5580000)
  object space 69632K, 24% used [0x0000000080000000,0x00000000810edd08,0x0000000084400000)
 Metaspace       used 34626K, capacity 35296K, committed 35416K, reserved 1079296K
  class space    used 4612K, capacity 4804K, committed 4864K, reserved 1048576K
Event: 10.491 GC heap after
Heap after GC invocations=7 (full 1):
 PSYoungGen      total 102912K, used 10381K [0x00000000d5580000, 0x00000000dc880000, 0x0000000100000000)
  eden space 92160K, 0% used [0x00000000d5580000,0x00000000d5580000,0x00000000daf80000)
  from space 10752K, 96% used [0x00000000dbe00000,0x00000000dc823740,0x00000000dc880000)
  to   space 12800K, 0% used [0x00000000daf80000,0x00000000daf80000,0x00000000dbc00000)
 ParOldGen       total 69632K, used 17343K [0x0000000080000000, 0x0000000084400000, 0x00000000d5580000)
  object space 69632K, 24% used [0x0000000080000000,0x00000000810efd08,0x0000000084400000)
 Metaspace       used 34626K, capacity 35296K, committed 35416K, reserved 1079296K
  class space    used 4612K, capacity 4804K, committed 4864K, reserved 1048576K
}
Event: 10.491 GC heap before
{Heap before GC invocations=8 (full 2):
 PSYoungGen      total 102912K, used 10381K [0x00000000d5580000, 0x00000000dc880000, 0x0000000100000000)
  eden space 92160K, 0% used [0x00000000d5580000,0x00000000d5580000,0x00000000daf80000)
  from space 10752K, 96% used [0x00000000dbe00000,0x00000000dc823740,0x00000000dc880000)
  to   space 12800K, 0% used [0x00000000daf80000,0x00000000daf80000,0x00000000dbc00000)
 ParOldGen       total 69632K, used 17343K [0x0000000080000000, 0x0000000084400000, 0x00000000d5580000)
  object space 69632K, 24% used [0x0000000080000000,0x00000000810efd08,0x0000000084400000)
 Metaspace       used 34626K, capacity 35296K, committed 35416K, reserved 1079296K
  class space    used 4612K, capacity 4804K, committed 4864K, reserved 1048576K
Event: 10.563 GC heap after
Heap after GC invocations=8 (full 2):
 PSYoungGen      total 102912K, used 0K [0x00000000d5580000, 0x00000000dc880000, 0x0000000100000000)
  eden space 92160K, 0% used [0x00000000d5580000,0x00000000d5580000,0x00000000daf80000)
  from space 10752K, 0% used [0x00000000dbe00000,0x00000000dbe00000,0x00000000dc880000)
  to   space 12800K, 0% used [0x00000000daf80000,0x00000000daf80000,0x00000000dbc00000)
 ParOldGen       total 69632K, used 16892K [0x0000000080000000, 0x0000000084400000, 0x00000000d5580000)
  object space 69632K, 24% used [0x0000000080000000,0x000000008107f290,0x0000000084400000)
 Metaspace       used 34599K, capacity 35208K, committed 35416K, reserved 1079296K
  class space    used 4604K, capacity 4796K, committed 4864K, reserved 1048576K
}

